<?xml version="1.0" encoding="UTF-8"?>
<testng-results ignored="0" total="10" passed="8" failed="2" skipped="0">
  <reporter-output>
  </reporter-output>
  <suite started-at="2024-08-04T18:22:10 EEST" name="All Test Suite" finished-at="2024-08-04T18:23:14 EEST" duration-ms="64560">
    <groups>
    </groups>
    <test started-at="2024-08-04T18:22:10 EEST" name="C:/Users/tsvet/Test/SKAU14TAF" finished-at="2024-08-04T18:23:14 EEST" duration-ms="64560">
      <class name="com.skilo.gui.RegistrationTest">
        <test-method is-config="true" signature="setUpTest()[pri:0, instance:com.skilo.gui.RegistrationTest@47eaca72]" started-at="2024-08-04T18:23:05 EEST" name="setUpTest" finished-at="2024-08-04T18:23:06 EEST" duration-ms="1228" status="PASS">
          <reporter-output>
          </reporter-output>
        </test-method> <!-- setUpTest -->
        <test-method signature="verifyUserCanRegisterWithValidData()[pri:-1, instance:com.skilo.gui.RegistrationTest@47eaca72]" started-at="2024-08-04T18:23:06 EEST" name="verifyUserCanRegisterWithValidData" finished-at="2024-08-04T18:23:10 EEST" duration-ms="3334" status="PASS">
          <reporter-output>
          </reporter-output>
        </test-method> <!-- verifyUserCanRegisterWithValidData -->
        <test-method is-config="true" signature="tearDownTest(org.testng.ITestResult)[pri:0, instance:com.skilo.gui.RegistrationTest@47eaca72]" started-at="2024-08-04T18:23:10 EEST" name="tearDownTest" finished-at="2024-08-04T18:23:10 EEST" duration-ms="207" status="PASS">
          <params>
            <param index="0">
              <value>
                <![CDATA[[TestResult name=verifyUserCanRegisterWithValidData status=SUCCESS method=RegistrationTest.verifyUserCanRegisterWithValidData()[pri:-1, instance:com.skilo.gui.RegistrationTest@47eaca72] output={null}]]]>
              </value>
            </param>
          </params>
          <reporter-output>
          </reporter-output>
        </test-method> <!-- tearDownTest -->
        <test-method is-config="true" signature="setUpTest()[pri:0, instance:com.skilo.gui.RegistrationTest@47eaca72]" started-at="2024-08-04T18:23:10 EEST" name="setUpTest" finished-at="2024-08-04T18:23:11 EEST" duration-ms="1236" status="PASS">
          <reporter-output>
          </reporter-output>
        </test-method> <!-- setUpTest -->
        <test-method signature="verifyUserCannotRegisterWithInvalidData()[pri:0, instance:com.skilo.gui.RegistrationTest@47eaca72]" started-at="2024-08-04T18:23:11 EEST" name="verifyUserCannotRegisterWithInvalidData" finished-at="2024-08-04T18:23:14 EEST" duration-ms="3147" status="PASS">
          <reporter-output>
          </reporter-output>
        </test-method> <!-- verifyUserCannotRegisterWithInvalidData -->
        <test-method is-config="true" signature="tearDownTest(org.testng.ITestResult)[pri:0, instance:com.skilo.gui.RegistrationTest@47eaca72]" started-at="2024-08-04T18:23:14 EEST" name="tearDownTest" finished-at="2024-08-04T18:23:14 EEST" duration-ms="197" status="PASS">
          <params>
            <param index="0">
              <value>
                <![CDATA[[TestResult name=verifyUserCannotRegisterWithInvalidData status=SUCCESS method=RegistrationTest.verifyUserCannotRegisterWithInvalidData()[pri:0, instance:com.skilo.gui.RegistrationTest@47eaca72] output={null}]]]>
              </value>
            </param>
          </params>
          <reporter-output>
          </reporter-output>
        </test-method> <!-- tearDownTest -->
      </class> <!-- com.skilo.gui.RegistrationTest -->
      <class name="com.skilo.gui.ProfileTest">
        <test-method is-config="true" signature="setUpTest()[pri:0, instance:com.skilo.gui.ProfileTest@1aafa419]" started-at="2024-08-04T18:23:01 EEST" name="setUpTest" finished-at="2024-08-04T18:23:02 EEST" duration-ms="1313" status="PASS">
          <reporter-output>
          </reporter-output>
        </test-method> <!-- setUpTest -->
        <test-method signature="verifyUserCanPostProfilePicture(java.lang.String,java.lang.String,java.lang.String,java.io.File,java.lang.String)[pri:0, instance:com.skilo.gui.ProfileTest@1aafa419]" started-at="2024-08-04T18:23:02 EEST" name="verifyUserCanPostProfilePicture" data-provider="PostTestDataProvider" finished-at="2024-08-04T18:23:05 EEST" duration-ms="2954" status="PASS">
          <params>
            <param index="0">
              <value>
                <![CDATA[testingDemos]]>
              </value>
            </param>
            <param index="1">
              <value>
                <![CDATA[testing]]>
              </value>
            </param>
            <param index="2">
              <value>
                <![CDATA[testingDemos]]>
              </value>
            </param>
            <param index="3">
              <value>
                <![CDATA[src\test\resources\uploads\testUpload.jpg]]>
              </value>
            </param>
            <param index="4">
              <value>
                <![CDATA[Testing create post caption]]>
              </value>
            </param>
          </params>
          <reporter-output>
          </reporter-output>
        </test-method> <!-- verifyUserCanPostProfilePicture -->
        <test-method is-config="true" signature="tearDownTest(org.testng.ITestResult)[pri:0, instance:com.skilo.gui.ProfileTest@1aafa419]" started-at="2024-08-04T18:23:05 EEST" name="tearDownTest" finished-at="2024-08-04T18:23:05 EEST" duration-ms="208" status="PASS">
          <params>
            <param index="0">
              <value>
                <![CDATA[[TestResult name=verifyUserCanPostProfilePicture status=SUCCESS method=ProfileTest.verifyUserCanPostProfilePicture(java.lang.String,java.lang.String,java.lang.String,java.io.File,java.lang.String)[pri:0, instance:com.skilo.gui.ProfileTest@1aafa419] output={null}]]]>
              </value>
            </param>
          </params>
          <reporter-output>
          </reporter-output>
        </test-method> <!-- tearDownTest -->
      </class> <!-- com.skilo.gui.ProfileTest -->
      <class name="com.skilo.gui.LoginTest">
        <test-method is-config="true" signature="setUpTest()[pri:0, instance:com.skilo.gui.LoginTest@7b2bbc3]" started-at="2024-08-04T18:22:16 EEST" name="setUpTest" finished-at="2024-08-04T18:22:19 EEST" duration-ms="2718" status="PASS">
          <reporter-output>
          </reporter-output>
        </test-method> <!-- setUpTest -->
        <test-method signature="verifyAlreadyRegisteredUserCanNotSuccessfullyLoginWithNotProvidedCredentials()[pri:0, instance:com.skilo.gui.LoginTest@7b2bbc3]" started-at="2024-08-04T18:22:19 EEST" name="verifyAlreadyRegisteredUserCanNotSuccessfullyLoginWithNotProvidedCredentials" finished-at="2024-08-04T18:22:21 EEST" duration-ms="2322" status="PASS">
          <reporter-output>
          </reporter-output>
        </test-method> <!-- verifyAlreadyRegisteredUserCanNotSuccessfullyLoginWithNotProvidedCredentials -->
        <test-method is-config="true" signature="tearDownTest(org.testng.ITestResult)[pri:0, instance:com.skilo.gui.LoginTest@7b2bbc3]" started-at="2024-08-04T18:22:21 EEST" name="tearDownTest" finished-at="2024-08-04T18:22:21 EEST" duration-ms="218" status="PASS">
          <params>
            <param index="0">
              <value>
                <![CDATA[[TestResult name=verifyAlreadyRegisteredUserCanNotSuccessfullyLoginWithNotProvidedCredentials status=SUCCESS method=LoginTest.verifyAlreadyRegisteredUserCanNotSuccessfullyLoginWithNotProvidedCredentials()[pri:0, instance:com.skilo.gui.LoginTest@7b2bbc3] output={null}]]]>
              </value>
            </param>
          </params>
          <reporter-output>
          </reporter-output>
        </test-method> <!-- tearDownTest -->
        <test-method is-config="true" signature="setUpTest()[pri:0, instance:com.skilo.gui.LoginTest@7b2bbc3]" started-at="2024-08-04T18:22:21 EEST" name="setUpTest" finished-at="2024-08-04T18:22:23 EEST" duration-ms="1581" status="PASS">
          <reporter-output>
          </reporter-output>
        </test-method> <!-- setUpTest -->
        <test-method signature="verifyAlreadyRegisteredUserCanNotSuccessfullyLoginWithWrongPassword()[pri:0, instance:com.skilo.gui.LoginTest@7b2bbc3]" started-at="2024-08-04T18:22:23 EEST" name="verifyAlreadyRegisteredUserCanNotSuccessfullyLoginWithWrongPassword" finished-at="2024-08-04T18:22:26 EEST" duration-ms="2477" status="FAIL">
          <exception class="java.lang.AssertionError">
            <message>
              <![CDATA[expected [Invalid username or password] but found [Ivalid password]]]>
            </message>
            <full-stacktrace>
              <![CDATA[java.lang.AssertionError: expected [Invalid username or password] but found [Ivalid password]
at org.testng.Assert.fail(Assert.java:111)
at org.testng.Assert.failNotEquals(Assert.java:1578)
at org.testng.Assert.assertEqualsImpl(Assert.java:150)
at org.testng.Assert.assertEquals(Assert.java:132)
at org.testng.Assert.assertEquals(Assert.java:656)
at org.testng.Assert.assertEquals(Assert.java:666)
at com.skillo.POM.LoginPage.msgStatusAfterInvalidLoginWithWrongPassword(LoginPage.java:90)
at com.skilo.gui.LoginTest.verifyAlreadyRegisteredUserCanNotSuccessfullyLoginWithWrongPassword(LoginTest.java:125)
at java.base/jdk.internal.reflect.DirectMethodHandleAccessor.invoke(DirectMethodHandleAccessor.java:103)
at java.base/java.lang.reflect.Method.invoke(Method.java:580)
at org.testng.internal.invokers.MethodInvocationHelper.invokeMethod(MethodInvocationHelper.java:141)
at org.testng.internal.invokers.TestInvoker.invokeMethod(TestInvoker.java:686)
at org.testng.internal.invokers.TestInvoker.invokeTestMethod(TestInvoker.java:230)
at org.testng.internal.invokers.MethodRunner.runInSequence(MethodRunner.java:63)
at org.testng.internal.invokers.TestInvoker$MethodInvocationAgent.invoke(TestInvoker.java:992)
at org.testng.internal.invokers.TestInvoker.invokeTestMethods(TestInvoker.java:203)
at org.testng.internal.invokers.TestMethodWorker.invokeTestMethods(TestMethodWorker.java:154)
at org.testng.internal.invokers.TestMethodWorker.run(TestMethodWorker.java:134)
at java.base/java.util.ArrayList.forEach(ArrayList.java:1597)
at org.testng.TestRunner.privateRun(TestRunner.java:739)
at org.testng.TestRunner.run(TestRunner.java:614)
at org.testng.SuiteRunner.runTest(SuiteRunner.java:421)
at org.testng.SuiteRunner.runSequentially(SuiteRunner.java:413)
at org.testng.SuiteRunner.privateRun(SuiteRunner.java:373)
at org.testng.SuiteRunner.run(SuiteRunner.java:312)
at org.testng.SuiteRunnerWorker.runSuite(SuiteRunnerWorker.java:52)
at org.testng.SuiteRunnerWorker.run(SuiteRunnerWorker.java:95)
at org.testng.TestNG.runSuitesSequentially(TestNG.java:1274)
at org.testng.TestNG.runSuitesLocally(TestNG.java:1208)
at org.testng.TestNG.runSuites(TestNG.java:1112)
at org.testng.TestNG.run(TestNG.java:1079)
at org.apache.maven.surefire.testng.TestNGExecutor.run(TestNGExecutor.java:324)
at org.apache.maven.surefire.testng.TestNGXmlTestSuite.execute(TestNGXmlTestSuite.java:74)
at org.apache.maven.surefire.testng.TestNGProvider.invoke(TestNGProvider.java:123)
at org.apache.maven.surefire.booter.ForkedBooter.runSuitesInProcess(ForkedBooter.java:456)
at org.apache.maven.surefire.booter.ForkedBooter.execute(ForkedBooter.java:169)
at org.apache.maven.surefire.booter.ForkedBooter.run(ForkedBooter.java:595)
at org.apache.maven.surefire.booter.ForkedBooter.main(ForkedBooter.java:581)
]]>
            </full-stacktrace>
          </exception> <!-- java.lang.AssertionError -->
          <reporter-output>
          </reporter-output>
        </test-method> <!-- verifyAlreadyRegisteredUserCanNotSuccessfullyLoginWithWrongPassword -->
        <test-method is-config="true" signature="tearDownTest(org.testng.ITestResult)[pri:0, instance:com.skilo.gui.LoginTest@7b2bbc3]" started-at="2024-08-04T18:22:26 EEST" name="tearDownTest" finished-at="2024-08-04T18:22:26 EEST" duration-ms="356" status="PASS">
          <params>
            <param index="0">
              <value>
                <![CDATA[[TestResult name=verifyAlreadyRegisteredUserCanNotSuccessfullyLoginWithWrongPassword status=FAILURE method=LoginTest.verifyAlreadyRegisteredUserCanNotSuccessfullyLoginWithWrongPassword()[pri:0, instance:com.skilo.gui.LoginTest@7b2bbc3] output={null}]]]>
              </value>
            </param>
          </params>
          <reporter-output>
          </reporter-output>
        </test-method> <!-- tearDownTest -->
        <test-method is-config="true" signature="setUpTest()[pri:0, instance:com.skilo.gui.LoginTest@7b2bbc3]" started-at="2024-08-04T18:22:26 EEST" name="setUpTest" finished-at="2024-08-04T18:22:27 EEST" duration-ms="1289" status="PASS">
          <reporter-output>
          </reporter-output>
        </test-method> <!-- setUpTest -->
        <test-method signature="verifyAlreadyRegisteredUserCanNotSuccessfullyLoginWithWrongUsername()[pri:0, instance:com.skilo.gui.LoginTest@7b2bbc3]" started-at="2024-08-04T18:22:27 EEST" name="verifyAlreadyRegisteredUserCanNotSuccessfullyLoginWithWrongUsername" finished-at="2024-08-04T18:22:29 EEST" duration-ms="1833" status="PASS">
          <reporter-output>
          </reporter-output>
        </test-method> <!-- verifyAlreadyRegisteredUserCanNotSuccessfullyLoginWithWrongUsername -->
        <test-method is-config="true" signature="tearDownTest(org.testng.ITestResult)[pri:0, instance:com.skilo.gui.LoginTest@7b2bbc3]" started-at="2024-08-04T18:22:29 EEST" name="tearDownTest" finished-at="2024-08-04T18:22:29 EEST" duration-ms="217" status="PASS">
          <params>
            <param index="0">
              <value>
                <![CDATA[[TestResult name=verifyAlreadyRegisteredUserCanNotSuccessfullyLoginWithWrongUsername status=SUCCESS method=LoginTest.verifyAlreadyRegisteredUserCanNotSuccessfullyLoginWithWrongUsername()[pri:0, instance:com.skilo.gui.LoginTest@7b2bbc3] output={null}]]]>
              </value>
            </param>
          </params>
          <reporter-output>
          </reporter-output>
        </test-method> <!-- tearDownTest -->
        <test-method is-config="true" signature="setUpTest()[pri:0, instance:com.skilo.gui.LoginTest@7b2bbc3]" started-at="2024-08-04T18:22:29 EEST" name="setUpTest" finished-at="2024-08-04T18:22:30 EEST" duration-ms="1239" status="PASS">
          <reporter-output>
          </reporter-output>
        </test-method> <!-- setUpTest -->
        <test-method signature="verifyAlreadyRegisteredUserCanSuccessfullyLogin()[pri:0, instance:com.skilo.gui.LoginTest@7b2bbc3]" started-at="2024-08-04T18:22:30 EEST" name="verifyAlreadyRegisteredUserCanSuccessfullyLogin" finished-at="2024-08-04T18:22:34 EEST" duration-ms="3136" status="PASS">
          <reporter-output>
          </reporter-output>
        </test-method> <!-- verifyAlreadyRegisteredUserCanSuccessfullyLogin -->
        <test-method is-config="true" signature="tearDownTest(org.testng.ITestResult)[pri:0, instance:com.skilo.gui.LoginTest@7b2bbc3]" started-at="2024-08-04T18:22:34 EEST" name="tearDownTest" finished-at="2024-08-04T18:22:34 EEST" duration-ms="251" status="PASS">
          <params>
            <param index="0">
              <value>
                <![CDATA[[TestResult name=verifyAlreadyRegisteredUserCanSuccessfullyLogin status=SUCCESS method=LoginTest.verifyAlreadyRegisteredUserCanSuccessfullyLogin()[pri:0, instance:com.skilo.gui.LoginTest@7b2bbc3] output={null}]]]>
              </value>
            </param>
          </params>
          <reporter-output>
          </reporter-output>
        </test-method> <!-- tearDownTest -->
        <test-method is-config="true" signature="setUpTest()[pri:0, instance:com.skilo.gui.LoginTest@7b2bbc3]" started-at="2024-08-04T18:22:34 EEST" name="setUpTest" finished-at="2024-08-04T18:22:35 EEST" duration-ms="1286" status="PASS">
          <reporter-output>
          </reporter-output>
        </test-method> <!-- setUpTest -->
        <test-method signature="verifyAlreadyRegisteredUserCanSuccessfullyLoginAndLogOut()[pri:0, instance:com.skilo.gui.LoginTest@7b2bbc3]" started-at="2024-08-04T18:22:35 EEST" name="verifyAlreadyRegisteredUserCanSuccessfullyLoginAndLogOut" finished-at="2024-08-04T18:22:39 EEST" duration-ms="3576" status="PASS">
          <reporter-output>
          </reporter-output>
        </test-method> <!-- verifyAlreadyRegisteredUserCanSuccessfullyLoginAndLogOut -->
        <test-method is-config="true" signature="tearDownTest(org.testng.ITestResult)[pri:0, instance:com.skilo.gui.LoginTest@7b2bbc3]" started-at="2024-08-04T18:22:39 EEST" name="tearDownTest" finished-at="2024-08-04T18:22:39 EEST" duration-ms="196" status="PASS">
          <params>
            <param index="0">
              <value>
                <![CDATA[[TestResult name=verifyAlreadyRegisteredUserCanSuccessfullyLoginAndLogOut status=SUCCESS method=LoginTest.verifyAlreadyRegisteredUserCanSuccessfullyLoginAndLogOut()[pri:0, instance:com.skilo.gui.LoginTest@7b2bbc3] output={null}]]]>
              </value>
            </param>
          </params>
          <reporter-output>
          </reporter-output>
        </test-method> <!-- tearDownTest -->
      </class> <!-- com.skilo.gui.LoginTest -->
      <class name="com.skilo.gui.HomeTest">
        <test-method is-config="true" signature="setupTestSuite()[pri:0, instance:com.skilo.gui.HomeTest@7c7b252e]" started-at="2024-08-04T18:22:09 EEST" name="setupTestSuite" finished-at="2024-08-04T18:22:10 EEST" duration-ms="505" status="PASS">
          <reporter-output>
          </reporter-output>
        </test-method> <!-- setupTestSuite -->
        <test-method is-config="true" signature="setUpTest()[pri:0, instance:com.skilo.gui.HomeTest@7c7b252e]" started-at="2024-08-04T18:22:10 EEST" name="setUpTest" finished-at="2024-08-04T18:22:12 EEST" duration-ms="1807" status="PASS">
          <reporter-output>
          </reporter-output>
        </test-method> <!-- setUpTest -->
        <test-method signature="verifyUserCanNavigateToAnAlreadyCreatedPost()[pri:0, instance:com.skilo.gui.HomeTest@7c7b252e]" started-at="2024-08-04T18:22:12 EEST" name="verifyUserCanNavigateToAnAlreadyCreatedPost" finished-at="2024-08-04T18:22:15 EEST" duration-ms="3753" status="FAIL">
          <exception class="org.openqa.selenium.StaleElementReferenceException">
            <message>
              <![CDATA[stale element reference: stale element not found in the current frame
  (Session info: chrome=127.0.6533.89)
For documentation on this error, please visit: https://www.selenium.dev/documentation/webdriver/troubleshooting/errors#stale-element-reference-exception
Build info: version: '4.21.0', revision: '79ed462ef4'
System info: os.name: 'Windows 11', os.arch: 'amd64', os.version: '10.0', java.version: '22'
Driver info: org.openqa.selenium.chrome.ChromeDriver
Command: [23b75a4c648413d57c8d99863b66352b, clickElement {id=f.CEA18C7BD4EC9E6AFB92783C1C263E16.d.A5F6950211FB5445F6F5D9A55605B81F.e.281}]
Capabilities {acceptInsecureCerts: false, browserName: chrome, browserVersion: 127.0.6533.89, chrome: {chromedriverVersion: 127.0.6533.88 (a2d0cb026721..., userDataDir: C:\Users\tsvet\AppData\Loca...}, fedcm:accounts: true, goog:chromeOptions: {debuggerAddress: localhost:54113}, networkConnectionEnabled: false, pageLoadStrategy: normal, platformName: windows, proxy: Proxy(), se:cdp: ws://localhost:54113/devtoo..., se:cdpVersion: 127.0.6533.89, setWindowRect: true, strictFileInteractability: false, timeouts: {implicit: 0, pageLoad: 300000, script: 30000}, unhandledPromptBehavior: dismiss and notify, webauthn:extension:credBlob: true, webauthn:extension:largeBlob: true, webauthn:extension:minPinLength: true, webauthn:extension:prf: true, webauthn:virtualAuthenticators: true}
Element: [[ChromeDriver: chrome on windows (23b75a4c648413d57c8d99863b66352b)] -> css selector: div:nth-child(3)>app-post-detail>div>div.post-feed-img]
Session ID: 23b75a4c648413d57c8d99863b66352b]]>
            </message>
            <full-stacktrace>
              <![CDATA[org.openqa.selenium.StaleElementReferenceException: stale element reference: stale element not found in the current frame
  (Session info: chrome=127.0.6533.89)
For documentation on this error, please visit: https://www.selenium.dev/documentation/webdriver/troubleshooting/errors#stale-element-reference-exception
Build info: version: '4.21.0', revision: '79ed462ef4'
System info: os.name: 'Windows 11', os.arch: 'amd64', os.version: '10.0', java.version: '22'
Driver info: org.openqa.selenium.chrome.ChromeDriver
Command: [23b75a4c648413d57c8d99863b66352b, clickElement {id=f.CEA18C7BD4EC9E6AFB92783C1C263E16.d.A5F6950211FB5445F6F5D9A55605B81F.e.281}]
Capabilities {acceptInsecureCerts: false, browserName: chrome, browserVersion: 127.0.6533.89, chrome: {chromedriverVersion: 127.0.6533.88 (a2d0cb026721..., userDataDir: C:\Users\tsvet\AppData\Loca...}, fedcm:accounts: true, goog:chromeOptions: {debuggerAddress: localhost:54113}, networkConnectionEnabled: false, pageLoadStrategy: normal, platformName: windows, proxy: Proxy(), se:cdp: ws://localhost:54113/devtoo..., se:cdpVersion: 127.0.6533.89, setWindowRect: true, strictFileInteractability: false, timeouts: {implicit: 0, pageLoad: 300000, script: 30000}, unhandledPromptBehavior: dismiss and notify, webauthn:extension:credBlob: true, webauthn:extension:largeBlob: true, webauthn:extension:minPinLength: true, webauthn:extension:prf: true, webauthn:virtualAuthenticators: true}
Element: [[ChromeDriver: chrome on windows (23b75a4c648413d57c8d99863b66352b)] -> css selector: div:nth-child(3)>app-post-detail>div>div.post-feed-img]
Session ID: 23b75a4c648413d57c8d99863b66352b
at java.base/jdk.internal.reflect.DirectConstructorHandleAccessor.newInstance(DirectConstructorHandleAccessor.java:62)
at java.base/java.lang.reflect.Constructor.newInstanceWithCaller(Constructor.java:502)
at java.base/java.lang.reflect.Constructor.newInstance(Constructor.java:486)
at org.openqa.selenium.remote.ErrorCodec.decode(ErrorCodec.java:167)
at org.openqa.selenium.remote.codec.w3c.W3CHttpResponseCodec.decode(W3CHttpResponseCodec.java:138)
at org.openqa.selenium.remote.codec.w3c.W3CHttpResponseCodec.decode(W3CHttpResponseCodec.java:50)
at org.openqa.selenium.remote.HttpCommandExecutor.execute(HttpCommandExecutor.java:190)
at org.openqa.selenium.remote.service.DriverCommandExecutor.invokeExecute(DriverCommandExecutor.java:216)
at org.openqa.selenium.remote.service.DriverCommandExecutor.execute(DriverCommandExecutor.java:174)
at org.openqa.selenium.remote.RemoteWebDriver.execute(RemoteWebDriver.java:518)
at org.openqa.selenium.remote.RemoteWebElement.execute(RemoteWebElement.java:223)
at org.openqa.selenium.remote.RemoteWebElement.click(RemoteWebElement.java:76)
at java.base/jdk.internal.reflect.DirectMethodHandleAccessor.invoke(DirectMethodHandleAccessor.java:103)
at java.base/java.lang.reflect.Method.invoke(Method.java:580)
at org.openqa.selenium.support.pagefactory.internal.LocatingElementHandler.invoke(LocatingElementHandler.java:51)
at jdk.proxy2/jdk.proxy2.$Proxy12.click(Unknown Source)
at com.skillo.POM.ISkillo.waitAndClick(ISkillo.java:32)
at com.skillo.POM.HomePage.navigateToHomePagePostNumber3(HomePage.java:62)
at com.skilo.gui.HomeTest.verifyUserCanNavigateToAnAlreadyCreatedPost(HomeTest.java:48)
at java.base/jdk.internal.reflect.DirectMethodHandleAccessor.invoke(DirectMethodHandleAccessor.java:103)
at java.base/java.lang.reflect.Method.invoke(Method.java:580)
at org.testng.internal.invokers.MethodInvocationHelper.invokeMethod(MethodInvocationHelper.java:141)
at org.testng.internal.invokers.TestInvoker.invokeMethod(TestInvoker.java:686)
at org.testng.internal.invokers.TestInvoker.invokeTestMethod(TestInvoker.java:230)
at org.testng.internal.invokers.MethodRunner.runInSequence(MethodRunner.java:63)
at org.testng.internal.invokers.TestInvoker$MethodInvocationAgent.invoke(TestInvoker.java:992)
at org.testng.internal.invokers.TestInvoker.invokeTestMethods(TestInvoker.java:203)
at org.testng.internal.invokers.TestMethodWorker.invokeTestMethods(TestMethodWorker.java:154)
at org.testng.internal.invokers.TestMethodWorker.run(TestMethodWorker.java:134)
at java.base/java.util.ArrayList.forEach(ArrayList.java:1597)
at org.testng.TestRunner.privateRun(TestRunner.java:739)
at org.testng.TestRunner.run(TestRunner.java:614)
at org.testng.SuiteRunner.runTest(SuiteRunner.java:421)
at org.testng.SuiteRunner.runSequentially(SuiteRunner.java:413)
at org.testng.SuiteRunner.privateRun(SuiteRunner.java:373)
at org.testng.SuiteRunner.run(SuiteRunner.java:312)
at org.testng.SuiteRunnerWorker.runSuite(SuiteRunnerWorker.java:52)
at org.testng.SuiteRunnerWorker.run(SuiteRunnerWorker.java:95)
at org.testng.TestNG.runSuitesSequentially(TestNG.java:1274)
at org.testng.TestNG.runSuitesLocally(TestNG.java:1208)
at org.testng.TestNG.runSuites(TestNG.java:1112)
at org.testng.TestNG.run(TestNG.java:1079)
at org.apache.maven.surefire.testng.TestNGExecutor.run(TestNGExecutor.java:324)
at org.apache.maven.surefire.testng.TestNGXmlTestSuite.execute(TestNGXmlTestSuite.java:74)
at org.apache.maven.surefire.testng.TestNGProvider.invoke(TestNGProvider.java:123)
at org.apache.maven.surefire.booter.ForkedBooter.runSuitesInProcess(ForkedBooter.java:456)
at org.apache.maven.surefire.booter.ForkedBooter.execute(ForkedBooter.java:169)
at org.apache.maven.surefire.booter.ForkedBooter.run(ForkedBooter.java:595)
at org.apache.maven.surefire.booter.ForkedBooter.main(ForkedBooter.java:581)
]]>
            </full-stacktrace>
          </exception> <!-- org.openqa.selenium.StaleElementReferenceException -->
          <reporter-output>
          </reporter-output>
        </test-method> <!-- verifyUserCanNavigateToAnAlreadyCreatedPost -->
        <test-method is-config="true" signature="tearDownTest(org.testng.ITestResult)[pri:0, instance:com.skilo.gui.HomeTest@7c7b252e]" started-at="2024-08-04T18:22:16 EEST" name="tearDownTest" finished-at="2024-08-04T18:22:16 EEST" duration-ms="682" status="PASS">
          <params>
            <param index="0">
              <value>
                <![CDATA[[TestResult name=verifyUserCanNavigateToAnAlreadyCreatedPost status=FAILURE method=HomeTest.verifyUserCanNavigateToAnAlreadyCreatedPost()[pri:0, instance:com.skilo.gui.HomeTest@7c7b252e] output={null}]]]>
              </value>
            </param>
          </params>
          <reporter-output>
          </reporter-output>
        </test-method> <!-- tearDownTest -->
        <test-method is-config="true" signature="cleanFiles()[pri:0, instance:com.skilo.gui.HomeTest@7c7b252e]" started-at="2024-08-04T18:23:14 EEST" name="cleanFiles" finished-at="2024-08-04T18:23:14 EEST" duration-ms="1" status="PASS">
          <reporter-output>
          </reporter-output>
        </test-method> <!-- cleanFiles -->
      </class> <!-- com.skilo.gui.HomeTest -->
      <class name="com.skilo.gui.PostTest">
        <test-method is-config="true" signature="setUpTest()[pri:0, instance:com.skilo.gui.PostTest@a1153bc]" started-at="2024-08-04T18:22:39 EEST" name="setUpTest" finished-at="2024-08-04T18:22:40 EEST" duration-ms="1307" status="PASS">
          <reporter-output>
          </reporter-output>
        </test-method> <!-- setUpTest -->
        <test-method signature="verifyUserCanCreateNewPostAndDeleteIt(java.lang.String,java.lang.String,java.lang.String,java.io.File,java.lang.String)[pri:0, instance:com.skilo.gui.PostTest@a1153bc]" started-at="2024-08-04T18:22:40 EEST" name="verifyUserCanCreateNewPostAndDeleteIt" data-provider="PostTestDataProvider" finished-at="2024-08-04T18:23:00 EEST" duration-ms="20081" status="PASS">
          <params>
            <param index="0">
              <value>
                <![CDATA[testingDemos]]>
              </value>
            </param>
            <param index="1">
              <value>
                <![CDATA[testing]]>
              </value>
            </param>
            <param index="2">
              <value>
                <![CDATA[testingDemos]]>
              </value>
            </param>
            <param index="3">
              <value>
                <![CDATA[src\test\resources\uploads\CatTestImage.jpg]]>
              </value>
            </param>
            <param index="4">
              <value>
                <![CDATA[Hello Kitty]]>
              </value>
            </param>
          </params>
          <reporter-output>
          </reporter-output>
        </test-method> <!-- verifyUserCanCreateNewPostAndDeleteIt -->
        <test-method is-config="true" signature="tearDownTest(org.testng.ITestResult)[pri:0, instance:com.skilo.gui.PostTest@a1153bc]" started-at="2024-08-04T18:23:00 EEST" name="tearDownTest" finished-at="2024-08-04T18:23:01 EEST" duration-ms="295" status="PASS">
          <params>
            <param index="0">
              <value>
                <![CDATA[[TestResult name=verifyUserCanCreateNewPostAndDeleteIt status=SUCCESS method=PostTest.verifyUserCanCreateNewPostAndDeleteIt(java.lang.String,java.lang.String,java.lang.String,java.io.File,java.lang.String)[pri:0, instance:com.skilo.gui.PostTest@a1153bc] output={null}]]]>
              </value>
            </param>
          </params>
          <reporter-output>
          </reporter-output>
        </test-method> <!-- tearDownTest -->
      </class> <!-- com.skilo.gui.PostTest -->
    </test> <!-- C:/Users/tsvet/Test/SKAU14TAF -->
  </suite> <!-- All Test Suite -->
</testng-results>
