<?xml version="1.0" encoding="UTF-8"?>
<!-- Generated by org.testng.reporters.JUnitXMLReporter -->
<testsuite ignored="8" hostname="CvetetoPC" failures="2" tests="10" name="C:/Users/tsvet/Test/SKAU14TAF" time="64.56" errors="0" timestamp="2024-08-04T18:23:14 EEST">
  <testcase classname="com.skilo.gui.HomeTest" name="verifyUserCanNavigateToAnAlreadyCreatedPost" time="3.753">
    <failure type="org.openqa.selenium.StaleElementReferenceException" message="stale element reference: stale element not found in the current frame
  (Session info: chrome=127.0.6533.89)
For documentation on this error, please visit: https://www.selenium.dev/documentation/webdriver/troubleshooting/errors#stale-element-reference-exception
Build info: version: &amp;apos;4.21.0&amp;apos;, revision: &amp;apos;79ed462ef4&amp;apos;
System info: os.name: &amp;apos;Windows 11&amp;apos;, os.arch: &amp;apos;amd64&amp;apos;, os.version: &amp;apos;10.0&amp;apos;, java.version: &amp;apos;22&amp;apos;
Driver info: org.openqa.selenium.chrome.ChromeDriver
Command: [23b75a4c648413d57c8d99863b66352b, clickElement {id=f.CEA18C7BD4EC9E6AFB92783C1C263E16.d.A5F6950211FB5445F6F5D9A55605B81F.e.281}]
Capabilities {acceptInsecureCerts: false, browserName: chrome, browserVersion: 127.0.6533.89, chrome: {chromedriverVersion: 127.0.6533.88 (a2d0cb026721..., userDataDir: C:\Users\tsvet\AppData\Loca...}, fedcm:accounts: true, goog:chromeOptions: {debuggerAddress: localhost:54113}, networkConnectionEnabled: false, pageLoadStrategy: normal, platformName: windows, proxy: Proxy(), se:cdp: ws://localhost:54113/devtoo..., se:cdpVersion: 127.0.6533.89, setWindowRect: true, strictFileInteractability: false, timeouts: {implicit: 0, pageLoad: 300000, script: 30000}, unhandledPromptBehavior: dismiss and notify, webauthn:extension:credBlob: true, webauthn:extension:largeBlob: true, webauthn:extension:minPinLength: true, webauthn:extension:prf: true, webauthn:virtualAuthenticators: true}
Element: [[ChromeDriver: chrome on windows (23b75a4c648413d57c8d99863b66352b)] -&amp;gt; css selector: div:nth-child(3)&amp;gt;app-post-detail&amp;gt;div&amp;gt;div.post-feed-img]
Session ID: 23b75a4c648413d57c8d99863b66352b">
      <![CDATA[org.openqa.selenium.StaleElementReferenceException: stale element reference: stale element not found in the current frame
  (Session info: chrome=127.0.6533.89)
For documentation on this error, please visit: https://www.selenium.dev/documentation/webdriver/troubleshooting/errors#stale-element-reference-exception
Build info: version: '4.21.0', revision: '79ed462ef4'
System info: os.name: 'Windows 11', os.arch: 'amd64', os.version: '10.0', java.version: '22'
Driver info: org.openqa.selenium.chrome.ChromeDriver
Command: [23b75a4c648413d57c8d99863b66352b, clickElement {id=f.CEA18C7BD4EC9E6AFB92783C1C263E16.d.A5F6950211FB5445F6F5D9A55605B81F.e.281}]
Capabilities {acceptInsecureCerts: false, browserName: chrome, browserVersion: 127.0.6533.89, chrome: {chromedriverVersion: 127.0.6533.88 (a2d0cb026721..., userDataDir: C:\Users\tsvet\AppData\Loca...}, fedcm:accounts: true, goog:chromeOptions: {debuggerAddress: localhost:54113}, networkConnectionEnabled: false, pageLoadStrategy: normal, platformName: windows, proxy: Proxy(), se:cdp: ws://localhost:54113/devtoo..., se:cdpVersion: 127.0.6533.89, setWindowRect: true, strictFileInteractability: false, timeouts: {implicit: 0, pageLoad: 300000, script: 30000}, unhandledPromptBehavior: dismiss and notify, webauthn:extension:credBlob: true, webauthn:extension:largeBlob: true, webauthn:extension:minPinLength: true, webauthn:extension:prf: true, webauthn:virtualAuthenticators: true}
Element: [[ChromeDriver: chrome on windows (23b75a4c648413d57c8d99863b66352b)] -> css selector: div:nth-child(3)>app-post-detail>div>div.post-feed-img]
Session ID: 23b75a4c648413d57c8d99863b66352b
at java.base/jdk.internal.reflect.DirectConstructorHandleAccessor.newInstance(DirectConstructorHandleAccessor.java:62)
at java.base/java.lang.reflect.Constructor.newInstanceWithCaller(Constructor.java:502)
at java.base/java.lang.reflect.Constructor.newInstance(Constructor.java:486)
at org.openqa.selenium.remote.ErrorCodec.decode(ErrorCodec.java:167)
at org.openqa.selenium.remote.codec.w3c.W3CHttpResponseCodec.decode(W3CHttpResponseCodec.java:138)
at org.openqa.selenium.remote.codec.w3c.W3CHttpResponseCodec.decode(W3CHttpResponseCodec.java:50)
at org.openqa.selenium.remote.HttpCommandExecutor.execute(HttpCommandExecutor.java:190)
at org.openqa.selenium.remote.service.DriverCommandExecutor.invokeExecute(DriverCommandExecutor.java:216)
at org.openqa.selenium.remote.service.DriverCommandExecutor.execute(DriverCommandExecutor.java:174)
at org.openqa.selenium.remote.RemoteWebDriver.execute(RemoteWebDriver.java:518)
at org.openqa.selenium.remote.RemoteWebElement.execute(RemoteWebElement.java:223)
at org.openqa.selenium.remote.RemoteWebElement.click(RemoteWebElement.java:76)
at java.base/jdk.internal.reflect.DirectMethodHandleAccessor.invoke(DirectMethodHandleAccessor.java:103)
at java.base/java.lang.reflect.Method.invoke(Method.java:580)
at org.openqa.selenium.support.pagefactory.internal.LocatingElementHandler.invoke(LocatingElementHandler.java:51)
at jdk.proxy2/jdk.proxy2.$Proxy12.click(Unknown Source)
at com.skillo.POM.ISkillo.waitAndClick(ISkillo.java:32)
at com.skillo.POM.HomePage.navigateToHomePagePostNumber3(HomePage.java:62)
at com.skilo.gui.HomeTest.verifyUserCanNavigateToAnAlreadyCreatedPost(HomeTest.java:48)
at java.base/jdk.internal.reflect.DirectMethodHandleAccessor.invoke(DirectMethodHandleAccessor.java:103)
at java.base/java.lang.reflect.Method.invoke(Method.java:580)
at org.testng.internal.invokers.MethodInvocationHelper.invokeMethod(MethodInvocationHelper.java:141)
at org.testng.internal.invokers.TestInvoker.invokeMethod(TestInvoker.java:686)
at org.testng.internal.invokers.TestInvoker.invokeTestMethod(TestInvoker.java:230)
at org.testng.internal.invokers.MethodRunner.runInSequence(MethodRunner.java:63)
at org.testng.internal.invokers.TestInvoker$MethodInvocationAgent.invoke(TestInvoker.java:992)
at org.testng.internal.invokers.TestInvoker.invokeTestMethods(TestInvoker.java:203)
at org.testng.internal.invokers.TestMethodWorker.invokeTestMethods(TestMethodWorker.java:154)
at org.testng.internal.invokers.TestMethodWorker.run(TestMethodWorker.java:134)
at java.base/java.util.ArrayList.forEach(ArrayList.java:1597)
at org.testng.TestRunner.privateRun(TestRunner.java:739)
at org.testng.TestRunner.run(TestRunner.java:614)
at org.testng.SuiteRunner.runTest(SuiteRunner.java:421)
at org.testng.SuiteRunner.runSequentially(SuiteRunner.java:413)
at org.testng.SuiteRunner.privateRun(SuiteRunner.java:373)
at org.testng.SuiteRunner.run(SuiteRunner.java:312)
at org.testng.SuiteRunnerWorker.runSuite(SuiteRunnerWorker.java:52)
at org.testng.SuiteRunnerWorker.run(SuiteRunnerWorker.java:95)
at org.testng.TestNG.runSuitesSequentially(TestNG.java:1274)
at org.testng.TestNG.runSuitesLocally(TestNG.java:1208)
at org.testng.TestNG.runSuites(TestNG.java:1112)
at org.testng.TestNG.run(TestNG.java:1079)
at org.apache.maven.surefire.testng.TestNGExecutor.run(TestNGExecutor.java:324)
at org.apache.maven.surefire.testng.TestNGXmlTestSuite.execute(TestNGXmlTestSuite.java:74)
at org.apache.maven.surefire.testng.TestNGProvider.invoke(TestNGProvider.java:123)
at org.apache.maven.surefire.booter.ForkedBooter.runSuitesInProcess(ForkedBooter.java:456)
at org.apache.maven.surefire.booter.ForkedBooter.execute(ForkedBooter.java:169)
at org.apache.maven.surefire.booter.ForkedBooter.run(ForkedBooter.java:595)
at org.apache.maven.surefire.booter.ForkedBooter.main(ForkedBooter.java:581)
]]>
    </failure>
  </testcase> <!-- verifyUserCanNavigateToAnAlreadyCreatedPost -->
  <testcase classname="com.skilo.gui.LoginTest" name="verifyAlreadyRegisteredUserCanNotSuccessfullyLoginWithNotProvidedCredentials" time="2.322"/>
  <testcase classname="com.skilo.gui.LoginTest" name="verifyAlreadyRegisteredUserCanNotSuccessfullyLoginWithWrongPassword" time="2.477">
    <failure type="java.lang.AssertionError" message="expected [Invalid username or password] but found [Ivalid password]">
      <![CDATA[java.lang.AssertionError: expected [Invalid username or password] but found [Ivalid password]
at org.testng.Assert.fail(Assert.java:111)
at org.testng.Assert.failNotEquals(Assert.java:1578)
at org.testng.Assert.assertEqualsImpl(Assert.java:150)
at org.testng.Assert.assertEquals(Assert.java:132)
at org.testng.Assert.assertEquals(Assert.java:656)
at org.testng.Assert.assertEquals(Assert.java:666)
at com.skillo.POM.LoginPage.msgStatusAfterInvalidLoginWithWrongPassword(LoginPage.java:90)
at com.skilo.gui.LoginTest.verifyAlreadyRegisteredUserCanNotSuccessfullyLoginWithWrongPassword(LoginTest.java:125)
at java.base/jdk.internal.reflect.DirectMethodHandleAccessor.invoke(DirectMethodHandleAccessor.java:103)
at java.base/java.lang.reflect.Method.invoke(Method.java:580)
at org.testng.internal.invokers.MethodInvocationHelper.invokeMethod(MethodInvocationHelper.java:141)
at org.testng.internal.invokers.TestInvoker.invokeMethod(TestInvoker.java:686)
at org.testng.internal.invokers.TestInvoker.invokeTestMethod(TestInvoker.java:230)
at org.testng.internal.invokers.MethodRunner.runInSequence(MethodRunner.java:63)
at org.testng.internal.invokers.TestInvoker$MethodInvocationAgent.invoke(TestInvoker.java:992)
at org.testng.internal.invokers.TestInvoker.invokeTestMethods(TestInvoker.java:203)
at org.testng.internal.invokers.TestMethodWorker.invokeTestMethods(TestMethodWorker.java:154)
at org.testng.internal.invokers.TestMethodWorker.run(TestMethodWorker.java:134)
at java.base/java.util.ArrayList.forEach(ArrayList.java:1597)
at org.testng.TestRunner.privateRun(TestRunner.java:739)
at org.testng.TestRunner.run(TestRunner.java:614)
at org.testng.SuiteRunner.runTest(SuiteRunner.java:421)
at org.testng.SuiteRunner.runSequentially(SuiteRunner.java:413)
at org.testng.SuiteRunner.privateRun(SuiteRunner.java:373)
at org.testng.SuiteRunner.run(SuiteRunner.java:312)
at org.testng.SuiteRunnerWorker.runSuite(SuiteRunnerWorker.java:52)
at org.testng.SuiteRunnerWorker.run(SuiteRunnerWorker.java:95)
at org.testng.TestNG.runSuitesSequentially(TestNG.java:1274)
at org.testng.TestNG.runSuitesLocally(TestNG.java:1208)
at org.testng.TestNG.runSuites(TestNG.java:1112)
at org.testng.TestNG.run(TestNG.java:1079)
at org.apache.maven.surefire.testng.TestNGExecutor.run(TestNGExecutor.java:324)
at org.apache.maven.surefire.testng.TestNGXmlTestSuite.execute(TestNGXmlTestSuite.java:74)
at org.apache.maven.surefire.testng.TestNGProvider.invoke(TestNGProvider.java:123)
at org.apache.maven.surefire.booter.ForkedBooter.runSuitesInProcess(ForkedBooter.java:456)
at org.apache.maven.surefire.booter.ForkedBooter.execute(ForkedBooter.java:169)
at org.apache.maven.surefire.booter.ForkedBooter.run(ForkedBooter.java:595)
at org.apache.maven.surefire.booter.ForkedBooter.main(ForkedBooter.java:581)
]]>
    </failure>
  </testcase> <!-- verifyAlreadyRegisteredUserCanNotSuccessfullyLoginWithWrongPassword -->
  <testcase classname="com.skilo.gui.LoginTest" name="verifyAlreadyRegisteredUserCanNotSuccessfullyLoginWithWrongUsername" time="1.833"/>
  <testcase classname="com.skilo.gui.LoginTest" name="verifyAlreadyRegisteredUserCanSuccessfullyLogin" time="3.136"/>
  <testcase classname="com.skilo.gui.LoginTest" name="verifyAlreadyRegisteredUserCanSuccessfullyLoginAndLogOut" time="3.576"/>
  <testcase classname="com.skilo.gui.PostTest" name="verifyUserCanCreateNewPostAndDeleteIt" time="20.081"/>
  <testcase classname="com.skilo.gui.ProfileTest" name="verifyUserCanPostProfilePicture" time="2.954"/>
  <testcase classname="com.skilo.gui.RegistrationTest" name="verifyUserCanRegisterWithValidData" time="3.334"/>
  <testcase classname="com.skilo.gui.RegistrationTest" name="verifyUserCannotRegisterWithInvalidData" time="3.147"/>
  <testcase classname="com.skilo.gui.TestObject" name="@AfterSuite cleanFiles" time="0.0">
    <ignored/>
  </testcase> <!-- @AfterSuite cleanFiles -->
  <testcase classname="com.skilo.gui.TestObject" name="@AfterSuite cleanFiles" time="0.0">
    <ignored/>
  </testcase> <!-- @AfterSuite cleanFiles -->
  <testcase classname="com.skilo.gui.TestObject" name="@AfterSuite cleanFiles" time="0.0">
    <ignored/>
  </testcase> <!-- @AfterSuite cleanFiles -->
  <testcase classname="com.skilo.gui.TestObject" name="@BeforeSuite setupTestSuite" time="0.0">
    <ignored/>
  </testcase> <!-- @BeforeSuite setupTestSuite -->
  <testcase classname="com.skilo.gui.TestObject" name="@BeforeSuite setupTestSuite" time="0.0">
    <ignored/>
  </testcase> <!-- @BeforeSuite setupTestSuite -->
  <testcase classname="com.skilo.gui.TestObject" name="@BeforeSuite setupTestSuite" time="0.0">
    <ignored/>
  </testcase> <!-- @BeforeSuite setupTestSuite -->
  <testcase classname="com.skilo.gui.TestObject" name="@AfterSuite cleanFiles" time="0.0">
    <ignored/>
  </testcase> <!-- @AfterSuite cleanFiles -->
  <testcase classname="com.skilo.gui.TestObject" name="@BeforeSuite setupTestSuite" time="0.0">
    <ignored/>
  </testcase> <!-- @BeforeSuite setupTestSuite -->
</testsuite> <!-- C:/Users/tsvet/Test/SKAU14TAF -->
